<?xml version="1.0" encoding="UTF-8"?>
<testsuite xmlns:xsi="http://www.w3.org/2001/XMLSchema-instance" xsi:noNamespaceSchemaLocation="https://maven.apache.org/surefire/maven-surefire-plugin/xsd/surefire-test-report.xsd" name="com.cnspring.AppTest" time="0.273" tests="2" errors="1" skipped="0" failures="0">
  <properties>
[...]
</properties>
  <testcase name="shouldAnswerWithTrue" classname="com.cnspring.AppTest" time="0.001"/>
  <testcase name="test1" classname="com.cnspring.AppTest" time="0.246">
    <error message="Error creating bean with name &apos;userService&apos; defined in class path resource [applicationContext.xml]: Could not resolve matching constructor on bean class [com.cnspring.service.UserServiceImpl] (hint: specify index/type/name arguments for simple parameters to avoid type ambiguities)" type="org.springframework.beans.factory.BeanCreationException">org.springframework.beans.factory.BeanCreationException: Error creating bean with name 'userService' defined in class path resource [applicationContext.xml]: Could not resolve matching constructor on bean class [com.cnspring.service.UserServiceImpl] (hint: specify index/type/name arguments for simple parameters to avoid type ambiguities)
	at com.cnspring.AppTest.test1(AppTest.java:28)
</error>
    <system-err><![CDATA[10月 26, 2022 9:44:40 上午 org.springframework.context.support.AbstractApplicationContext refresh
警告: Exception encountered during context initialization - cancelling refresh attempt: org.springframework.beans.factory.BeanCreationException: Error creating bean with name 'userService' defined in class path resource [applicationContext.xml]: Could not resolve matching constructor on bean class [com.cnspring.service.UserServiceImpl] (hint: specify index/type/name arguments for simple parameters to avoid type ambiguities)
]]></system-err>
  </testcase>
</testsuite>